#
# A fatal error has been detected by the Java Runtime Environment:
#
#  EXCEPTION_ACCESS_VIOLATION (0xc0000005) at pc=0x0000000066bca562, pid=7712, tid=0x00000000000014dc
#
# JRE version: OpenJDK Runtime Environment (8.0_152-b01) (build 1.8.0_152-release-915-b01)
# Java VM: OpenJDK 64-Bit Server VM (25.152-b01 mixed mode windows-amd64 compressed oops)
# Problematic frame:
# V  [jvm.dll+0x8a562]
#
# Failed to write core dump. Minidumps are not enabled by default on client versions of Windows
#
# If you would like to submit a bug report, please visit:
#   http://bugreport.java.com/bugreport/crash.jsp
#

---------------  T H R E A D  ---------------

Current thread (0x00000000041cb800):  GCTaskThread [stack: 0x0000000013e80000,0x0000000013f80000] [id=5340]

siginfo: ExceptionCode=0xc0000005, reading address 0x00000000000000e8

Registers:
RAX=0x0000000000000000, RBX=0x00000000bf937700, RCX=0x0000000100054ea0, RDX=0x00000000bf937700
RSP=0x0000000013f7f8a8, RBP=0x000000000429b790, RSI=0x00000000bf9376cc, RDI=0x00000000bf937700
R8 =0x0000000000000000, R9 =0x0000000100054ea0, R10=0x000000000001c98a, R11=0x00000000bf937728
R12=0x00000000bf9376d8, R13=0x0000000000000004, R14=0x00000000bf9376b8, R15=0x0000000000000004
RIP=0x0000000066bca562, EFLAGS=0x0000000000010246

Top of Stack: (sp=0x0000000013f7f8a8)
0x0000000013f7f8a8:   0000000066c25a47 00000000bf937728
0x0000000013f7f8b8:   000000000429b790 00000000bf9376c8
0x0000000013f7f8c8:   0000000000068000 00000000bf937700
0x0000000013f7f8d8:   0000000066c54bba 000000000001c98a
0x0000000013f7f8e8:   0000000066c2ef56 00000000bf9376b8
0x0000000013f7f8f8:   00000000bf9376b4 000000000429b790
0x0000000013f7f908:   0000000066c54cc3 0000000000000000
0x0000000013f7f918:   00000000041cc190 00000000041c1ee0
0x0000000013f7f928:   0000000000001a00 000000000001c98a
0x0000000013f7f938:   0000000066f034c0 000000000429b790
0x0000000013f7f948:   00000000f9a551d0 0000000067153768
0x0000000013f7f958:   0000000067153768 0002b6e40001c90c
0x0000000013f7f968:   0002b6e50001c90c 00000000f9a561d8
0x0000000013f7f978:   00000000f9a551d0 0000000000001a00
0x0000000013f7f988:   0000000066c54c31 0000000017ba4350
0x0000000013f7f998:   0000132700000182 00000000041cb800 

Instructions: (pc=0x0000000066bca562)
0x0000000066bca542:   e2 49 8d 0c 11 49 f7 d1 48 03 c1 49 c1 e9 03 48
0x0000000066bca552:   c1 e8 03 41 23 c1 c3 48 8b 02 48 8b d1 49 8b c9
0x0000000066bca562:   48 ff a0 e8 00 00 00 cc cc cc cc cc cc cc 80 3d
0x0000000066bca572:   3a f3 72 00 00 48 8b c1 74 1b 8b 51 08 8b 0d d3 


Register to memory mapping:

RAX=0x0000000000000000 is an unknown value
RBX=0x00000000bf937700 is an oop
com.intellij.psi.impl.java.stubs.impl.PsiTypeParameterListStubImpl 
 - klass: 'com/intellij/psi/impl/java/stubs/impl/PsiTypeParameterListStubImpl'
RCX=0x0000000100054ea0 is pointing into metadata
RDX=0x00000000bf937700 is an oop
com.intellij.psi.impl.java.stubs.impl.PsiTypeParameterListStubImpl 
 - klass: 'com/intellij/psi/impl/java/stubs/impl/PsiTypeParameterListStubImpl'
RSP=0x0000000013f7f8a8 is an unknown value
RBP=0x000000000429b790 is an unknown value
RSI=0x00000000bf9376cc is pointing into object: 0x00000000bf9376b8
[Ljava.lang.Object; 
 - klass: 'java/lang/Object'[]
 - length: 4
RDI=0x00000000bf937700 is an oop
com.intellij.psi.impl.java.stubs.impl.PsiTypeParameterListStubImpl 
 - klass: 'com/intellij/psi/impl/java/stubs/impl/PsiTypeParameterListStubImpl'
R8 =0x0000000000000000 is an unknown value
R9 =0x0000000100054ea0 is pointing into metadata
R10=0x000000000001c98a is an unknown value
R11=0x00000000bf937728 is an oop
com.intellij.psi.impl.java.stubs.impl.PsiModifierListStubImpl 
 - klass: 'com/intellij/psi/impl/java/stubs/impl/PsiModifierListStubImpl'
R12=0x00000000bf9376d8 is an oop
com.intellij.psi.impl.java.stubs.impl.PsiParameterListStubImpl 
 - klass: 'com/intellij/psi/impl/java/stubs/impl/PsiParameterListStubImpl'
R13=0x0000000000000004 is an unknown value
R14=0x00000000bf9376b8 is an oop
[Ljava.lang.Object; 
 - klass: 'java/lang/Object'[]
 - length: 4
R15=0x0000000000000004 is an unknown value


Stack: [0x0000000013e80000,0x0000000013f80000],  sp=0x0000000013f7f8a8,  free space=1022k
Native frames: (J=compiled Java code, j=interpreted, Vv=VM code, C=native code)
V  [jvm.dll+0x8a562]


---------------  P R O C E S S  ---------------

Java Threads: ( => current thread )
  0x000000001e913000 JavaThread "Cache worker for Java compile cache (F:\Vod26_feb_newgitcode\VOD\.gradle\4.1\javaCompile)" [_thread_blocked, id=14864, stack(0x0000000059450000,0x0000000059550000)]
  0x000000001e91a000 JavaThread "Task worker for ':' Thread 3" [_thread_blocked, id=3468, stack(0x0000000059350000,0x0000000059450000)]
  0x000000001e914800 JavaThread "Task worker for ':' Thread 2" [_thread_blocked, id=13648, stack(0x0000000059250000,0x0000000059350000)]
  0x000000001e919000 JavaThread "Task worker for ':'" [_thread_blocked, id=3504, stack(0x0000000059150000,0x0000000059250000)]
  0x000000001e917000 JavaThread "Cache worker for task history cache (F:\Vod26_feb_newgitcode\VOD\.gradle\4.1\taskHistory)" [_thread_blocked, id=12276, stack(0x0000000059050000,0x0000000059150000)]
  0x000000001e911800 JavaThread "Cache worker for file content cache (F:\Vod26_feb_newgitcode\VOD\.gradle\4.1\fileContent)" [_thread_blocked, id=6784, stack(0x0000000058f50000,0x0000000059050000)]
  0x000000001e914000 JavaThread "build operations Thread 4" [_thread_blocked, id=13872, stack(0x0000000058e50000,0x0000000058f50000)]
  0x000000001e918800 JavaThread "build operations Thread 3" [_thread_blocked, id=9688, stack(0x0000000058d50000,0x0000000058e50000)]
  0x000000001e916000 JavaThread "build operations Thread 2" [_thread_blocked, id=11728, stack(0x0000000058c50000,0x0000000058d50000)]
  0x00000000215bf800 JavaThread "build operations" [_thread_blocked, id=14368, stack(0x0000000058b50000,0x0000000058c50000)]
  0x00000000215b8000 JavaThread "Cache worker for Artifact transforms cache (C:\Users\BISHAL\.gradle\caches\transforms-1)" [_thread_blocked, id=4692, stack(0x0000000058a50000,0x0000000058b50000)]
  0x00000000215be000 JavaThread "Cache worker for file hash cache (F:\Vod26_feb_newgitcode\VOD\.gradle\4.1\fileHashes)" [_thread_blocked, id=10868, stack(0x0000000058950000,0x0000000058a50000)]
  0x00000000215b6800 JavaThread "Asynchronous log dispatcher for DefaultDaemonConnection: socket connection from /127.0.0.1:51031 to /127.0.0.1:51512" [_thread_blocked, id=14956, stack(0x0000000058750000,0x0000000058850000)]
  0x00000000215b5000 JavaThread "Daemon worker Thread 3" [_thread_blocked, id=2480, stack(0x0000000058650000,0x0000000058750000)]
  0x00000000215b3000 JavaThread "Cancel handler" [_thread_blocked, id=11016, stack(0x0000000058550000,0x0000000058650000)]
  0x00000000215b0800 JavaThread "Handler for socket connection from /127.0.0.1:51031 to /127.0.0.1:51512" [_thread_in_native, id=13796, stack(0x0000000058450000,0x0000000058550000)]
  0x00000000215b4800 JavaThread "Daemon Thread 3" [_thread_blocked, id=5192, stack(0x0000000058350000,0x0000000058450000)]
  0x000000001b035000 JavaThread "Memory manager" [_thread_blocked, id=13560, stack(0x0000000022440000,0x0000000022540000)]
  0x000000001a3be000 JavaThread "File lock request listener" [_thread_in_native, id=5568, stack(0x000000001da90000,0x000000001db90000)]
  0x000000001a69c000 JavaThread "Cache worker for file hash cache (C:\Users\BISHAL\.gradle\caches\4.1\fileHashes)" [_thread_blocked, id=11068, stack(0x000000001d5b0000,0x000000001d6b0000)]
  0x000000001a82c000 JavaThread "Daemon periodic checks" [_thread_blocked, id=13740, stack(0x000000001bce0000,0x000000001bde0000)]
  0x0000000017c76000 JavaThread "Incoming local TCP Connector on port 51031" [_thread_in_native, id=9552, stack(0x000000001baa0000,0x000000001bba0000)]
  0x0000000017c7e800 JavaThread "Service Thread" daemon [_thread_blocked, id=7836, stack(0x0000000019a90000,0x0000000019b90000)]
  0x0000000017c7d000 JavaThread "C1 CompilerThread2" daemon [_thread_blocked, id=13616, stack(0x0000000019590000,0x0000000019690000)]
  0x0000000017c1e000 JavaThread "C2 CompilerThread1" daemon [_thread_blocked, id=2216, stack(0x0000000019490000,0x0000000019590000)]
  0x0000000017c1b000 JavaThread "C2 CompilerThread0" daemon [_thread_blocked, id=13196, stack(0x0000000019390000,0x0000000019490000)]
  0x0000000017c19800 JavaThread "Attach Listener" daemon [_thread_blocked, id=228, stack(0x0000000019290000,0x0000000019390000)]
  0x0000000017c18800 JavaThread "Signal Dispatcher" daemon [_thread_blocked, id=12828, stack(0x0000000019190000,0x0000000019290000)]
  0x00000000042ac000 JavaThread "Finalizer" daemon [_thread_blocked, id=14752, stack(0x0000000018ea0000,0x0000000018fa0000)]
  0x00000000042a1000 JavaThread "Reference Handler" daemon [_thread_blocked, id=7472, stack(0x0000000018da0000,0x0000000018ea0000)]
  0x000000000255d800 JavaThread "main" [_thread_blocked, id=7416, stack(0x00000000040b0000,0x00000000041b0000)]

Other Threads:
  0x0000000017be5800 VMThread [stack: 0x0000000018ca0000,0x0000000018da0000] [id=13116]
  0x0000000019692800 WatcherThread [stack: 0x0000000019b90000,0x0000000019c90000] [id=9792]

=>0x00000000041cb800 (exited) GCTaskThread [stack: 0x0000000013e80000,0x0000000013f80000] [id=5340]

VM state:at safepoint (normal execution)

VM Mutex/Monitor currently owned by a thread:  ([mutex/lock_event])
[0x000000000255d100] Threads_lock - owner thread: 0x0000000017be5800
[0x000000000255c380] Heap_lock - owner thread: 0x000000001e91a000

Heap:
 PSYoungGen      total 371712K, used 42047K [0x00000000e0000000, 0x00000000ff280000, 0x0000000100000000)
  eden space 249344K, 0% used [0x00000000e0000000,0x00000000e0000000,0x00000000ef380000)
  from space 122368K, 34% used [0x00000000f7b00000,0x00000000fa40fdb0,0x00000000ff280000)
  to   space 130560K, 0% used [0x00000000ef380000,0x00000000ef380000,0x00000000f7300000)
 ParOldGen       total 545792K, used 537227K [0x00000000a0000000, 0x00000000c1500000, 0x00000000e0000000)
  object space 545792K, 98% used [0x00000000a0000000,0x00000000c0ca2d38,0x00000000c1500000)
 Metaspace       used 115391K, capacity 123374K, committed 123736K, reserved 1157120K
  class space    used 14089K, capacity 15874K, committed 16000K, reserved 1048576K

Card table byte_map: [0x0000000013670000,0x0000000013980000] byte_map_base: 0x0000000013170000

Marking Bits: (ParMarkBitMap*) 0x0000000067303950
 Begin Bits: [0x0000000013f80000, 0x0000000015780000)
 End Bits:   [0x0000000015780000, 0x0000000016f80000)

Polling page: 0x0000000002530000

CodeCache: size=245760Kb used=119699Kb max_used=119771Kb free=126060Kb
 bounds [0x00000000042b0000, 0x000000000b8d0000, 0x00000000132b0000]
 total_blobs=29075 nmethods=28156 adapters=826
 compilation: enabled

Compilation events (10 events):
Event: 2507.164 Thread 0x0000000017c7d000 40890       3       org.jetbrains.uast.java.JavaUAnonymousClass::getInterfaces (10 bytes)
Event: 2507.164 Thread 0x0000000017c7d000 nmethod 40890 0x000000000b1a3d90 code [0x000000000b1a3f00, 0x000000000b1a4128]
Event: 2507.164 Thread 0x0000000017c7d000 40891       3       org.jetbrains.uast.java.JavaUAnonymousClass::getFields (5 bytes)
Event: 2507.164 Thread 0x0000000017c7d000 nmethod 40891 0x000000000b1b7c90 code [0x000000000b1b7e00, 0x000000000b1b7fe8]
Event: 2507.164 Thread 0x0000000017c7d000 40892       3       org.jetbrains.uast.java.JavaUAnonymousClass::getInitializers (5 bytes)
Event: 2507.164 Thread 0x0000000017c7d000 nmethod 40892 0x000000000b2e7390 code [0x000000000b2e7500, 0x000000000b2e76e8]
Event: 2507.164 Thread 0x0000000017c7d000 40893       3       org.jetbrains.uast.java.JavaUAnonymousClass::getMethods (5 bytes)
Event: 2507.165 Thread 0x0000000017c7d000 nmethod 40893 0x000000000b49c890 code [0x000000000b49ca00, 0x000000000b49cbe8]
Event: 2507.166 Thread 0x0000000017c7d000 40894   !   3       sun.reflect.GeneratedConstructorAccessor243::newInstance (49 bytes)
Event: 2507.167 Thread 0x0000000017c7d000 nmethod 40894 0x000000000af4b350 code [0x000000000af4b540, 0x000000000af4bc58]

GC Heap History (10 events):
Event: 2499.192 GC heap after
Heap after GC invocations=192 (full 14):
 PSYoungGen      total 373760K, used 93180K [0x00000000e0000000, 0x0000000100000000, 0x0000000100000000)
  eden space 280576K, 0% used [0x00000000e0000000,0x00000000e0000000,0x00000000f1200000)
  from space 93184K, 99% used [0x00000000fa500000,0x00000000fffff2d0,0x0000000100000000)
  to   space 121856K, 0% used [0x00000000f1200000,0x00000000f1200000,0x00000000f8900000)
 ParOldGen       total 545792K, used 459434K [0x00000000a0000000, 0x00000000c1500000, 0x00000000e0000000)
  object space 545792K, 84% used [0x00000000a0000000,0x00000000bc0aaa18,0x00000000c1500000)
 Metaspace       used 115212K, capacity 123166K, committed 123352K, reserved 1157120K
  class space    used 14084K, capacity 15872K, committed 15872K, reserved 1048576K
}
Event: 2500.982 GC heap before
{Heap before GC invocations=193 (full 14):
 PSYoungGen      total 373760K, used 373756K [0x00000000e0000000, 0x0000000100000000, 0x0000000100000000)
  eden space 280576K, 100% used [0x00000000e0000000,0x00000000f1200000,0x00000000f1200000)
  from space 93184K, 99% used [0x00000000fa500000,0x00000000fffff2d0,0x0000000100000000)
  to   space 121856K, 0% used [0x00000000f1200000,0x00000000f1200000,0x00000000f8900000)
 ParOldGen       total 545792K, used 459434K [0x00000000a0000000, 0x00000000c1500000, 0x00000000e0000000)
  object space 545792K, 84% used [0x00000000a0000000,0x00000000bc0aaa18,0x00000000c1500000)
 Metaspace       used 115255K, capacity 123236K, committed 123480K, reserved 1157120K
  class space    used 14085K, capacity 15873K, committed 16000K, reserved 1048576K
Event: 2501.081 GC heap after
Heap after GC invocations=193 (full 14):
 PSYoungGen      total 372224K, used 91198K [0x00000000e0000000, 0x0000000100000000, 0x0000000100000000)
  eden space 280576K, 0% used [0x00000000e0000000,0x00000000e0000000,0x00000000f1200000)
  from space 91648K, 99% used [0x00000000f1200000,0x00000000f6b0fa20,0x00000000f6b80000)
  to   space 131072K, 0% used [0x00000000f8000000,0x00000000f8000000,0x0000000100000000)
 ParOldGen       total 545792K, used 462538K [0x00000000a0000000, 0x00000000c1500000, 0x00000000e0000000)
  object space 545792K, 84% used [0x00000000a0000000,0x00000000bc3b2a18,0x00000000c1500000)
 Metaspace       used 115255K, capacity 123236K, committed 123480K, reserved 1157120K
  class space    used 14085K, capacity 15873K, committed 16000K, reserved 1048576K
}
Event: 2503.261 GC heap before
{Heap before GC invocations=194 (full 14):
 PSYoungGen      total 372224K, used 371774K [0x00000000e0000000, 0x0000000100000000, 0x0000000100000000)
  eden space 280576K, 100% used [0x00000000e0000000,0x00000000f1200000,0x00000000f1200000)
  from space 91648K, 99% used [0x00000000f1200000,0x00000000f6b0fa20,0x00000000f6b80000)
  to   space 131072K, 0% used [0x00000000f8000000,0x00000000f8000000,0x0000000100000000)
 ParOldGen       total 545792K, used 462538K [0x00000000a0000000, 0x00000000c1500000, 0x00000000e0000000)
  object space 545792K, 84% used [0x00000000a0000000,0x00000000bc3b2a18,0x00000000c1500000)
 Metaspace       used 115300K, capacity 123304K, committed 123480K, reserved 1157120K
  class space    used 14086K, capacity 15873K, committed 16000K, reserved 1048576K
Event: 2503.408 GC heap after
Heap after GC invocations=194 (full 14):
 PSYoungGen      total 377856K, used 92505K [0x00000000e0000000, 0x0000000100000000, 0x0000000100000000)
  eden space 246784K, 0% used [0x00000000e0000000,0x00000000e0000000,0x00000000ef100000)
  from space 131072K, 70% used [0x00000000f8000000,0x00000000fda56468,0x0000000100000000)
  to   space 138752K, 0% used [0x00000000ef100000,0x00000000ef100000,0x00000000f7880000)
 ParOldGen       total 545792K, used 471580K [0x00000000a0000000, 0x00000000c1500000, 0x00000000e0000000)
  object space 545792K, 86% used [0x00000000a0000000,0x00000000bcc87008,0x00000000c1500000)
 Metaspace       used 115300K, capacity 123304K, committed 123480K, reserved 1157120K
  class space    used 14086K, capacity 15873K, committed 16000K, reserved 1048576K
}
Event: 2505.353 GC heap before
{Heap before GC invocations=195 (full 14):
 PSYoungGen      total 377856K, used 339289K [0x00000000e0000000, 0x0000000100000000, 0x0000000100000000)
  eden space 246784K, 100% used [0x00000000e0000000,0x00000000ef100000,0x00000000ef100000)
  from space 131072K, 70% used [0x00000000f8000000,0x00000000fda56468,0x0000000100000000)
  to   space 138752K, 0% used [0x00000000ef100000,0x00000000ef100000,0x00000000f7880000)
 ParOldGen       total 545792K, used 471580K [0x00000000a0000000, 0x00000000c1500000, 0x00000000e0000000)
  object space 545792K, 86% used [0x00000000a0000000,0x00000000bcc87008,0x00000000c1500000)
 Metaspace       used 115355K, capacity 123304K, committed 123480K, reserved 1157120K
  class space    used 14089K, capacity 15873K, committed 16000K, reserved 1048576K
Event: 2505.467 GC heap after
Heap after GC invocations=195 (full 14):
 PSYoungGen      total 385536K, used 69967K [0x00000000e0000000, 0x0000000100000000, 0x0000000100000000)
  eden space 246784K, 0% used [0x00000000e0000000,0x00000000e0000000,0x00000000ef100000)
  from space 138752K, 50% used [0x00000000ef100000,0x00000000f3553ea0,0x00000000f7880000)
  to   space 136192K, 0% used [0x00000000f7b00000,0x00000000f7b00000,0x0000000100000000)
 ParOldGen       total 545792K, used 504506K [0x00000000a0000000, 0x00000000c1500000, 0x00000000e0000000)
  object space 545792K, 92% used [0x00000000a0000000,0x00000000becaeb20,0x00000000c1500000)
 Metaspace       used 115355K, capacity 123304K, committed 123480K, reserved 1157120K
  class space    used 14089K, capacity 15873K, committed 16000K, reserved 1048576K
}
Event: 2507.172 GC heap before
{Heap before GC invocations=196 (full 14):
 PSYoungGen      total 385536K, used 316751K [0x00000000e0000000, 0x0000000100000000, 0x0000000100000000)
  eden space 246784K, 100% used [0x00000000e0000000,0x00000000ef100000,0x00000000ef100000)
  from space 138752K, 50% used [0x00000000ef100000,0x00000000f3553ea0,0x00000000f7880000)
  to   space 136192K, 0% used [0x00000000f7b00000,0x00000000f7b00000,0x0000000100000000)
 ParOldGen       total 545792K, used 504506K [0x00000000a0000000, 0x00000000c1500000, 0x00000000e0000000)
  object space 545792K, 92% used [0x00000000a0000000,0x00000000becaeb20,0x00000000c1500000)
 Metaspace       used 115391K, capacity 123374K, committed 123736K, reserved 1157120K
  class space    used 14089K, capacity 15874K, committed 16000K, reserved 1048576K
Event: 2507.282 GC heap after
Heap after GC invocations=196 (full 14):
 PSYoungGen      total 371712K, used 42047K [0x00000000e0000000, 0x00000000ff280000, 0x0000000100000000)
  eden space 249344K, 0% used [0x00000000e0000000,0x00000000e0000000,0x00000000ef380000)
  from space 122368K, 34% used [0x00000000f7b00000,0x00000000fa40fdb0,0x00000000ff280000)
  to   space 130560K, 0% used [0x00000000ef380000,0x00000000ef380000,0x00000000f7300000)
 ParOldGen       total 545792K, used 537227K [0x00000000a0000000, 0x00000000c1500000, 0x00000000e0000000)
  object space 545792K, 98% used [0x00000000a0000000,0x00000000c0ca2d38,0x00000000c1500000)
 Metaspace       used 115391K, capacity 123374K, committed 123736K, reserved 1157120K
  class space    used 14089K, capacity 15874K, committed 16000K, reserved 1048576K
}
Event: 2507.282 GC heap before
{Heap before GC invocations=197 (full 15):
 PSYoungGen      total 371712K, used 42047K [0x00000000e0000000, 0x00000000ff280000, 0x0000000100000000)
  eden space 249344K, 0% used [0x00000000e0000000,0x00000000e0000000,0x00000000ef380000)
  from space 122368K, 34% used [0x00000000f7b00000,0x00000000fa40fdb0,0x00000000ff280000)
  to   space 130560K, 0% used [0x00000000ef380000,0x00000000ef380000,0x00000000f7300000)
 ParOldGen       total 545792K, used 537227K [0x00000000a0000000, 0x00000000c1500000, 0x00000000e0000000)
  object space 545792K, 98% used [0x00000000a0000000,0x00000000c0ca2d38,0x00000000c1500000)
 Metaspace       used 115391K, capacity 123374K, committed 123736K, reserved 1157120K
  class space    used 14089K, capacity 15874K, committed 16000K, reserved 1048576K

Deoptimization events (10 events):
Event: 2505.088 Thread 0x000000001e91a000 Uncommon trap: reason=class_check action=maybe_recompile pc=0x000000000b0dc74c method=com.intellij.psi.impl.PsiSubstitutorImpl.correctExternalSubstitution(Lcom/intellij/psi/PsiType;Lcom/intellij/psi/PsiType;)Lcom/intellij/psi/PsiType; @ 63
Event: 2505.859 Thread 0x000000001e91a000 Uncommon trap: reason=unstable_if action=reinterpret pc=0x000000000b87638c method=com.intellij.psi.util.TypeConversionUtil.isAssignable(Lcom/intellij/psi/PsiType;Lcom/intellij/psi/PsiType;ZZ)Z @ 887
Event: 2506.695 Thread 0x000000001e91a000 Uncommon trap: reason=class_check action=maybe_recompile pc=0x00000000047c9890 method=com.intellij.psi.impl.source.resolve.ClassResolverProcessor.execute(Lcom/intellij/psi/PsiElement;Lcom/intellij/psi/ResolveState;)Z @ 176
Event: 2506.758 Thread 0x000000001e91a000 Uncommon trap: reason=class_check action=maybe_recompile pc=0x00000000047c9890 method=com.intellij.psi.impl.source.resolve.ClassResolverProcessor.execute(Lcom/intellij/psi/PsiElement;Lcom/intellij/psi/ResolveState;)Z @ 176
Event: 2506.789 Thread 0x000000001e91a000 Uncommon trap: reason=class_check action=maybe_recompile pc=0x000000000b3e059c method=com.intellij.psi.scope.processor.MethodCandidatesProcessor.isInterfaceStaticMethodAccessibleThroughInheritance(Lcom/intellij/psi/PsiMethod;)Z @ 15
Event: 2506.880 Thread 0x000000001e91a000 Uncommon trap: reason=unstable_if action=reinterpret pc=0x000000000b887104 method=com.intellij.psi.impl.PsiImplUtil.doNormalizeWildcardByPosition(Lcom/intellij/psi/PsiType;Lcom/intellij/psi/PsiExpression;Lcom/intellij/psi/PsiExpression;)Lcom/intellij/psi/
Event: 2506.881 Thread 0x000000001e91a000 Uncommon trap: reason=class_check action=maybe_recompile pc=0x000000000b7c7748 method=com.intellij.psi.impl.source.resolve.PsiOldInferenceHelper.inferTypeArguments([Lcom/intellij/psi/PsiTypeParameter;[Lcom/intellij/psi/PsiParameter;[Lcom/intellij/psi/PsiE
Event: 2506.882 Thread 0x000000001e91a000 Uncommon trap: reason=class_check action=maybe_recompile pc=0x000000000b7c7748 method=com.intellij.psi.impl.source.resolve.PsiOldInferenceHelper.inferTypeArguments([Lcom/intellij/psi/PsiTypeParameter;[Lcom/intellij/psi/PsiParameter;[Lcom/intellij/psi/PsiE
Event: 2506.895 Thread 0x000000001e91a000 Uncommon trap: reason=class_check action=maybe_recompile pc=0x000000000b7c7748 method=com.intellij.psi.impl.source.resolve.PsiOldInferenceHelper.inferTypeArguments([Lcom/intellij/psi/PsiTypeParameter;[Lcom/intellij/psi/PsiParameter;[Lcom/intellij/psi/PsiE
Event: 2506.913 Thread 0x000000001e91a000 Uncommon trap: reason=class_check action=maybe_recompile pc=0x000000000b57d404 method=com.intellij.psi.util.PsiFormatUtil.getExternalName(Lcom/intellij/psi/PsiModifierListOwner;ZI)Ljava/lang/String; @ 112

Classes redefined (0 events):
No events

Internal exceptions (10 events):
Event: 2494.284 Thread 0x000000001e91a000 Implicit null exception at 0x000000000b71ac74 to 0x000000000b71ee21
Event: 2495.628 Thread 0x000000001e91a000 Implicit null exception at 0x000000000b801268 to 0x000000000b80524d
Event: 2495.628 Thread 0x000000001e91a000 Implicit null exception at 0x000000000a8e3584 to 0x000000000a8e6d62
Event: 2495.641 Thread 0x000000001e91a000 Implicit null exception at 0x00000000085039a5 to 0x0000000008506c01
Event: 2496.992 Thread 0x000000001e91a000 Implicit null exception at 0x000000000b0127d7 to 0x000000000b0143c9
Event: 2497.163 Thread 0x000000001e91a000 Implicit null exception at 0x000000000ac181a7 to 0x000000000ac19a91
Event: 2499.197 Thread 0x000000001e91a000 Implicit null exception at 0x000000000b2c3479 to 0x000000000b2bfdf1
Event: 2501.218 Thread 0x000000001e91a000 Implicit null exception at 0x000000000ae3a4fb to 0x000000000ae3a92d
Event: 2505.086 Thread 0x000000001e91a000 Implicit null exception at 0x000000000ae2cbd0 to 0x000000000ae2d2b9
Event: 2505.087 Thread 0x000000001e91a000 Implicit null exception at 0x000000000b06a9fc to 0x000000000b06b0e5

Events (10 events):
Event: 2506.882 Thread 0x000000001e91a000 DEOPT UNPACKING pc=0x00000000042f556a sp=0x000000005944b680 mode 2
Event: 2506.895 Thread 0x000000001e91a000 Uncommon trap: trap_request=0xffffffde fr.pc=0x000000000b7c7748
Event: 2506.895 Thread 0x000000001e91a000 DEOPT PACKING pc=0x000000000b7c7748 sp=0x000000005944b700
Event: 2506.895 Thread 0x000000001e91a000 DEOPT UNPACKING pc=0x00000000042f556a sp=0x000000005944b680 mode 2
Event: 2506.913 Thread 0x000000001e91a000 Uncommon trap: trap_request=0xffffffde fr.pc=0x000000000b57d404
Event: 2506.913 Thread 0x000000001e91a000 DEOPT PACKING pc=0x000000000b57d404 sp=0x000000005944be20
Event: 2506.913 Thread 0x000000001e91a000 DEOPT UNPACKING pc=0x00000000042f556a sp=0x000000005944bdb8 mode 2
Event: 2507.004 Thread 0x000000001e91a000 DEOPT PACKING pc=0x000000000abb0b5b sp=0x000000005944ba20
Event: 2507.004 Thread 0x000000001e91a000 DEOPT UNPACKING pc=0x00000000042f75bf sp=0x000000005944b788 mode 0
Event: 2507.172 Executing VM operation: ParallelGCFailedAllocation


Dynamic libraries:
0x00007ff7685a0000 - 0x00007ff7685d1000 	C:\Program Files\Android\Android Studio\jre\bin\java.exe
0x00007fff1a110000 - 0x00007fff1a2f0000 	C:\WINDOWS\SYSTEM32\ntdll.dll
0x00007fff1a010000 - 0x00007fff1a0be000 	C:\WINDOWS\System32\KERNEL32.DLL
0x00007fff17370000 - 0x00007fff175d6000 	C:\WINDOWS\System32\KERNELBASE.dll
0x00007fff19f60000 - 0x00007fff1a001000 	C:\WINDOWS\System32\ADVAPI32.dll
0x00007fff19ec0000 - 0x00007fff19f5d000 	C:\WINDOWS\System32\msvcrt.dll
0x00007fff17d50000 - 0x00007fff17dab000 	C:\WINDOWS\System32\sechost.dll
0x00007fff17a80000 - 0x00007fff17b9f000 	C:\WINDOWS\System32\RPCRT4.dll
0x00007fff19d30000 - 0x00007fff19ebf000 	C:\WINDOWS\System32\USER32.dll
0x00007fff165c0000 - 0x00007fff165e0000 	C:\WINDOWS\System32\win32u.dll
0x00007fff17c70000 - 0x00007fff17c98000 	C:\WINDOWS\System32\GDI32.dll
0x00007fff17020000 - 0x00007fff171b3000 	C:\WINDOWS\System32\gdi32full.dll
0x00007fff16db0000 - 0x00007fff16e4b000 	C:\WINDOWS\System32\msvcp_win.dll
0x00007fff171c0000 - 0x00007fff172b6000 	C:\WINDOWS\System32\ucrtbase.dll
0x00007fff0ab60000 - 0x00007fff0adc9000 	C:\WINDOWS\WinSxS\amd64_microsoft.windows.common-controls_6595b64144ccf1df_6.0.16299.309_none_15cfd4c4935e6b11\COMCTL32.dll
0x00007fff194c0000 - 0x00007fff197c8000 	C:\WINDOWS\System32\combase.dll
0x00007fff165e0000 - 0x00007fff16652000 	C:\WINDOWS\System32\bcryptPrimitives.dll
0x00007fff17a50000 - 0x00007fff17a7d000 	C:\WINDOWS\System32\IMM32.DLL
0x00000000678b0000 - 0x0000000067982000 	C:\Program Files\Android\Android Studio\jre\jre\bin\msvcr100.dll
0x0000000066b40000 - 0x000000006737e000 	C:\Program Files\Android\Android Studio\jre\jre\bin\server\jvm.dll
0x00007fff17c60000 - 0x00007fff17c68000 	C:\WINDOWS\System32\PSAPI.DLL
0x00007fff16130000 - 0x00007fff16139000 	C:\WINDOWS\SYSTEM32\WSOCK32.dll
0x00007fff19450000 - 0x00007fff194bc000 	C:\WINDOWS\System32\WS2_32.dll
0x00007fff139f0000 - 0x00007fff13a13000 	C:\WINDOWS\SYSTEM32\WINMM.dll
0x00007fff14ba0000 - 0x00007fff14baa000 	C:\WINDOWS\SYSTEM32\VERSION.dll
0x00007fff139c0000 - 0x00007fff139ea000 	C:\WINDOWS\SYSTEM32\WINMMBASE.dll
0x00007fff172c0000 - 0x00007fff1730a000 	C:\WINDOWS\System32\cfgmgr32.dll
0x00007fff15010000 - 0x00007fff1501f000 	C:\Program Files\Android\Android Studio\jre\jre\bin\verify.dll
0x00007fff14760000 - 0x00007fff14789000 	C:\Program Files\Android\Android Studio\jre\jre\bin\java.dll
0x00007fff119f0000 - 0x00007fff11a06000 	C:\Program Files\Android\Android Studio\jre\jre\bin\zip.dll
0x00007fff17f90000 - 0x00007fff193c6000 	C:\WINDOWS\System32\SHELL32.dll
0x00007fff17db0000 - 0x00007fff17e56000 	C:\WINDOWS\System32\shcore.dll
0x00007fff16660000 - 0x00007fff16da7000 	C:\WINDOWS\System32\windows.storage.dll
0x00007fff17ba0000 - 0x00007fff17bf1000 	C:\WINDOWS\System32\shlwapi.dll
0x00007fff164d0000 - 0x00007fff164e1000 	C:\WINDOWS\System32\kernel.appcore.dll
0x00007fff16480000 - 0x00007fff164cc000 	C:\WINDOWS\System32\powrprof.dll
0x00007fff16460000 - 0x00007fff1647b000 	C:\WINDOWS\System32\profapi.dll
0x00007fff10cf0000 - 0x00007fff10d0a000 	C:\Program Files\Android\Android Studio\jre\jre\bin\net.dll
0x00007fff159a0000 - 0x00007fff15a06000 	C:\WINDOWS\system32\mswsock.dll
0x00007fff07e50000 - 0x00007fff07e61000 	C:\Program Files\Android\Android Studio\jre\jre\bin\nio.dll
0x00007fff02750000 - 0x00007fff0276e000 	C:\Users\BISHAL\.gradle\native\25\windows-amd64\native-platform.dll
0x00007fff14ca0000 - 0x00007fff14cad000 	C:\Program Files\Android\Android Studio\jre\jre\bin\management.dll
0x00007fff16190000 - 0x00007fff161a7000 	C:\WINDOWS\SYSTEM32\CRYPTSP.dll
0x00007fff15540000 - 0x00007fff15573000 	C:\WINDOWS\system32\rsaenh.dll
0x00007fff160f0000 - 0x00007fff16115000 	C:\WINDOWS\SYSTEM32\bcrypt.dll
0x00007fff16390000 - 0x00007fff163b9000 	C:\WINDOWS\SYSTEM32\USERENV.dll
0x00007fff15b60000 - 0x00007fff15b6b000 	C:\WINDOWS\SYSTEM32\CRYPTBASE.dll
0x00007fff156d0000 - 0x00007fff15709000 	C:\WINDOWS\SYSTEM32\IPHLPAPI.DLL
0x00007fff175e0000 - 0x00007fff175e8000 	C:\WINDOWS\System32\NSI.dll
0x00007fff0ca60000 - 0x00007fff0ca76000 	C:\WINDOWS\SYSTEM32\dhcpcsvc6.DLL
0x00007fff0cc20000 - 0x00007fff0cc3a000 	C:\WINDOWS\SYSTEM32\dhcpcsvc.DLL
0x00007fff14b30000 - 0x00007fff14b61000 	C:\WINDOWS\SYSTEM32\ntmarta.dll
0x00007fff05ff0000 - 0x00007fff06014000 	C:\Program Files\Android\Android Studio\jre\jre\bin\sunec.dll
0x00007fff15770000 - 0x00007fff15826000 	C:\WINDOWS\SYSTEM32\DNSAPI.dll
0x00007fff0bb40000 - 0x00007fff0bb4a000 	C:\Windows\System32\rasadhlp.dll
0x00007fff0c090000 - 0x00007fff0c100000 	C:\WINDOWS\System32\fwpuclnt.dll
0x00007fff146a0000 - 0x00007fff146ab000 	C:\Program Files\Android\Android Studio\jre\jre\bin\sunmscapi.dll
0x00007fff16e50000 - 0x00007fff1701e000 	C:\WINDOWS\System32\CRYPT32.dll
0x00007fff164f0000 - 0x00007fff16502000 	C:\WINDOWS\System32\MSASN1.dll
0x00007fff15f20000 - 0x00007fff160e8000 	C:\WINDOWS\SYSTEM32\dbghelp.dll

VM Arguments:
jvm_args: -Xmx1536m -Dfile.encoding=windows-1252 -Duser.country=IN -Duser.language=en -Duser.variant 
java_command: org.gradle.launcher.daemon.bootstrap.GradleDaemon 4.1
java_class_path (initial): C:\Users\BISHAL\.gradle\wrapper\dists\gradle-4.1-all\bzyivzo6n839fup2jbap0tjew\gradle-4.1\lib\gradle-launcher-4.1.jar
Launcher Type: SUN_STANDARD

Environment Variables:
PATH=C:\ProgramData\Oracle\Java\javapath;C:\WINDOWS\system32;C:\WINDOWS;C:\WINDOWS\System32\Wbem;C:\WINDOWS\System32\WindowsPowerShell\v1.0\;C:\Program Files\Git\cmd;C:\Program Files (x86)\Skype\Phone\;C:\Program Files\Java\jdk1.8.0_161\bin;C:\Users\BISHAL\AppData\Local\Microsoft\WindowsApps;C:\Program Files\Java\jdk1.8.0_161\bin;C:\Users\BISHAL\AppData\Local\GitHubDesktop\bin
USERNAME=BISHAL
OS=Windows_NT
PROCESSOR_IDENTIFIER=Intel64 Family 6 Model 78 Stepping 3, GenuineIntel



---------------  S Y S T E M  ---------------

OS: Windows 10.0 , 64 bit Build 16299 (10.0.16299.15)

CPU:total 4 (initial active 4) (2 cores per cpu, 2 threads per core) family 6 model 78 stepping 3, cmov, cx8, fxsr, mmx, sse, sse2, sse3, ssse3, sse4.1, sse4.2, popcnt, avx, avx2, aes, clmul, erms, 3dnowpref, lzcnt, ht, tsc, tscinvbit, bmi1, bmi2, adx

Memory: 4k page, physical 8292244k(1273820k free), swap 16448348k(5512056k free)

vm_info: OpenJDK 64-Bit Server VM (25.152-b01) for windows-amd64 JRE (1.8.0_152-release-915-b01), built by "builder" with MS VC++ 10.0 (VS2010)

time: Wed Mar 28 15:19:04 2018
elapsed time: 2507 seconds (0d 0h 41m 47s)

